<?xml version="1.0" encoding="UTF-8"?>
<!-- Generated by org.testng.reporters.JUnitReportReporter -->
<testsuite name="test.java.Testt" tests="1" time="34.597" ignored="0" failures="0" timestamp="17 Dec 2018 09:51:03 GMT" skipped="0" hostname="VaishaliRajput" errors="0">
  <testcase name="retret" time="34.597" classname="test.java.Testt"/>
</testsuite> <!-- test.java.Testt -->
