<?xml version="1.0" encoding="UTF-8"?>
<!-- Generated by org.testng.reporters.JUnitReportReporter -->
<testsuite skipped="0" hostname="VaishaliRajput" name="test.java.Testt" tests="1" failures="0" timestamp="17 Dec 2018 11:42:44 GMT" time="78.482" errors="0">
  <testcase name="retret" time="78.482" classname="test.java.Testt"/>
</testsuite> <!-- test.java.Testt -->
